[MirrorSceneDataset] Found 1000 scenes in data/synthetic/train
[MirrorSceneDataset] Found 200 scenes in data/synthetic/val
[SingleHeadVGGT] Total params: 1321.8M
[SingleHeadVGGT] Trainable params: 131.3M
[SingleHeadVGGT] Frozen params: 1190.6M
Traceback (most recent call last):
  File "/mnt/afs/zhengmingkai/hhy/ReconDepthHoles/scripts/train_single_head_baseline.py", line 449, in <module>
    train(parse_args())
  File "/mnt/afs/zhengmingkai/hhy/ReconDepthHoles/scripts/train_single_head_baseline.py", line 267, in train
    optimizer = torch.optim.AdamW(
                ^^^^^^^^^^^^^^^^^^
  File "/mnt/afs/zhengmingkai/miniconda3/envs/rdh/lib/python3.12/site-packages/torch/optim/adamw.py", line 37, in __init__
    super().__init__(
  File "/mnt/afs/zhengmingkai/miniconda3/envs/rdh/lib/python3.12/site-packages/torch/optim/adam.py", line 101, in __init__
    super().__init__(params, defaults)
  File "/mnt/afs/zhengmingkai/miniconda3/envs/rdh/lib/python3.12/site-packages/torch/optim/optimizer.py", line 400, in __init__
    self.add_param_group(cast(dict, param_group))
  File "/mnt/afs/zhengmingkai/miniconda3/envs/rdh/lib/python3.12/site-packages/torch/_compile.py", line 46, in inner
    import torch._dynamo
  File "/mnt/afs/zhengmingkai/miniconda3/envs/rdh/lib/python3.12/site-packages/torch/_dynamo/__init__.py", line 13, in <module>
    from . import config, convert_frame, eval_frame, resume_execution
  File "/mnt/afs/zhengmingkai/miniconda3/envs/rdh/lib/python3.12/site-packages/torch/_dynamo/convert_frame.py", line 53, in <module>
    from torch._dynamo.symbolic_convert import TensorifyState
  File "/mnt/afs/zhengmingkai/miniconda3/envs/rdh/lib/python3.12/site-packages/torch/_dynamo/symbolic_convert.py", line 52, in <module>
    from torch._dynamo.exc import TensorifyScalarRestartAnalysis
  File "/mnt/afs/zhengmingkai/miniconda3/envs/rdh/lib/python3.12/site-packages/torch/_dynamo/exc.py", line 41, in <module>
    from .utils import counters
  File "/mnt/afs/zhengmingkai/miniconda3/envs/rdh/lib/python3.12/site-packages/torch/_dynamo/utils.py", line 2341, in <module>
    if has_triton_package():
       ^^^^^^^^^^^^^^^^^^^^
  File "/mnt/afs/zhengmingkai/miniconda3/envs/rdh/lib/python3.12/site-packages/torch/utils/_triton.py", line 9, in has_triton_package
    from triton.compiler.compiler import triton_key
  File "/mnt/afs/zhengmingkai/miniconda3/envs/rdh/lib/python3.12/site-packages/triton/__init__.py", line 8, in <module>
    from .runtime import (
  File "/mnt/afs/zhengmingkai/miniconda3/envs/rdh/lib/python3.12/site-packages/triton/runtime/__init__.py", line 1, in <module>
    from .autotuner import (Autotuner, Config, Heuristics, autotune, heuristics)
  File "/mnt/afs/zhengmingkai/miniconda3/envs/rdh/lib/python3.12/site-packages/triton/runtime/autotuner.py", line 13, in <module>
    from ..testing import do_bench, do_bench_cudagraph
  File "/mnt/afs/zhengmingkai/miniconda3/envs/rdh/lib/python3.12/site-packages/triton/testing.py", line 7, in <module>
    from . import language as tl
  File "/mnt/afs/zhengmingkai/miniconda3/envs/rdh/lib/python3.12/site-packages/triton/language/__init__.py", line 4, in <module>
    from . import math
  File "/mnt/afs/zhengmingkai/miniconda3/envs/rdh/lib/python3.12/site-packages/triton/language/math.py", line 1, in <module>
    from . import core
  File "/mnt/afs/zhengmingkai/miniconda3/envs/rdh/lib/python3.12/site-packages/triton/language/core.py", line 10, in <module>
    from ..runtime.jit import jit
  File "/mnt/afs/zhengmingkai/miniconda3/envs/rdh/lib/python3.12/site-packages/triton/runtime/jit.py", line 12, in <module>
    from ..runtime.driver import driver
  File "/mnt/afs/zhengmingkai/miniconda3/envs/rdh/lib/python3.12/site-packages/triton/runtime/driver.py", line 1, in <module>
    from ..backends import backends
  File "/mnt/afs/zhengmingkai/miniconda3/envs/rdh/lib/python3.12/site-packages/triton/backends/__init__.py", line 50, in <module>
    backends = _discover_backends()
               ^^^^^^^^^^^^^^^^^^^^
  File "/mnt/afs/zhengmingkai/miniconda3/envs/rdh/lib/python3.12/site-packages/triton/backends/__init__.py", line 44, in _discover_backends
    driver = _load_module(name, os.path.join(root, name, 'driver.py'))
             ^^^^^^^^^^^^^^^^^^^^^^^^^^^^^^^^^^^^^^^^^^^^^^^^^^^^^^^^^
  File "/mnt/afs/zhengmingkai/miniconda3/envs/rdh/lib/python3.12/site-packages/triton/backends/__init__.py", line 12, in _load_module
    spec.loader.exec_module(module)
  File "/mnt/afs/zhengmingkai/miniconda3/envs/rdh/lib/python3.12/site-packages/triton/backends/metax/driver.py", line 30, in <module>
    maca_include_dir = [os.path.join(maca_home_dirs(), "include")]
                        ^^^^^^^^^^^^^^^^^^^^^^^^^^^^^^^^^^^^^^^^^
  File "<frozen posixpath>", line 76, in join
TypeError: expected str, bytes or os.PathLike object, not NoneType
